<?xml version="1.0" encoding="UTF-8"?>
<testExecutions version="1">
  <file path="D:\Workspace\Codiiing\Toyo\ts-unboxing-web-bff\tests\utils\crypt\aes-crypt.test.ts">
    <testCase name="Unit tests for AES Crypt Test encrypt and decrypt" duration="38"/>
  </file>
</testExecutions>