<?xml version="1.0" encoding="UTF-8"?>
<testExecutions version="1">
  <file path="D:\Workspace\Codiiing\Toyo\ts-unboxing-web-bff\tests\services\hashbox.service.test.ts">
    <testCase name="Unit tests for HashBox service generate hash" duration="19"/>
    <testCase name="Unit tests for HashBox service decrypt hash" duration="9"/>
  </file>
</testExecutions>